[2021-07-20 16:49:10,485] {taskinstance.py:876} INFO - Dependencies all met for <TaskInstance: Fuse.fuse1 2021-07-19T00:08:00+00:00 [queued]>
[2021-07-20 16:49:10,495] {taskinstance.py:876} INFO - Dependencies all met for <TaskInstance: Fuse.fuse1 2021-07-19T00:08:00+00:00 [queued]>
[2021-07-20 16:49:10,495] {taskinstance.py:1067} INFO - 
--------------------------------------------------------------------------------
[2021-07-20 16:49:10,495] {taskinstance.py:1068} INFO - Starting attempt 1 of 8
[2021-07-20 16:49:10,495] {taskinstance.py:1069} INFO - 
--------------------------------------------------------------------------------
[2021-07-20 16:49:10,609] {taskinstance.py:1087} INFO - Executing <Task(PythonOperator): fuse1> on 2021-07-19T00:08:00+00:00
[2021-07-20 16:49:10,614] {standard_task_runner.py:52} INFO - Started process 408660 to run task
[2021-07-20 16:49:10,626] {standard_task_runner.py:76} INFO - Running: ['airflow', 'tasks', 'run', 'Fuse', 'fuse1', '2021-07-19T00:08:00+00:00', '--job-id', '327', '--pool', 'default_pool', '--raw', '--subdir', 'DAGS_FOLDER/dag.py', '--cfg-path', '/tmp/tmp8nbbis6m', '--error-file', '/tmp/tmpz6bqyntb']
[2021-07-20 16:49:10,628] {standard_task_runner.py:77} INFO - Job 327: Subtask fuse1
[2021-07-20 16:49:10,739] {logging_mixin.py:104} INFO - Running <TaskInstance: Fuse.fuse1 2021-07-19T00:08:00+00:00 [running]> on host deepika-Inspiron-5570
[2021-07-20 16:49:10,980] {taskinstance.py:1280} INFO - Exporting the following env vars:
AIRFLOW_CTX_DAG_EMAIL=sthadpka93@gmail.com
AIRFLOW_CTX_DAG_OWNER=postgres
AIRFLOW_CTX_DAG_ID=Fuse
AIRFLOW_CTX_TASK_ID=fuse1
AIRFLOW_CTX_EXECUTION_DATE=2021-07-19T00:08:00+00:00
AIRFLOW_CTX_DAG_RUN_ID=scheduled__2021-07-19T00:08:00+00:00
[2021-07-20 16:49:15,950] {python.py:151} INFO - Done. Returned value was: None
[2021-07-20 16:49:15,953] {taskinstance.py:1184} INFO - Marking task as SUCCESS. dag_id=Fuse, task_id=fuse1, execution_date=20210719T000800, start_date=20210720T110410, end_date=20210720T110415
[2021-07-20 16:49:16,073] {taskinstance.py:1245} INFO - 0 downstream tasks scheduled from follow-on schedule check
[2021-07-20 16:49:16,080] {local_task_job.py:151} INFO - Task exited with return code 0
[2021-07-20 19:15:26,310] {taskinstance.py:876} INFO - Dependencies all met for <TaskInstance: Fuse.fuse1 2021-07-19T00:08:00+00:00 [queued]>
[2021-07-20 19:15:26,341] {taskinstance.py:876} INFO - Dependencies all met for <TaskInstance: Fuse.fuse1 2021-07-19T00:08:00+00:00 [queued]>
[2021-07-20 19:15:26,341] {taskinstance.py:1067} INFO - 
--------------------------------------------------------------------------------
[2021-07-20 19:15:26,341] {taskinstance.py:1068} INFO - Starting attempt 1 of 8
[2021-07-20 19:15:26,341] {taskinstance.py:1069} INFO - 
--------------------------------------------------------------------------------
[2021-07-20 19:15:26,421] {taskinstance.py:1087} INFO - Executing <Task(PythonOperator): fuse1> on 2021-07-19T00:08:00+00:00
[2021-07-20 19:15:26,425] {standard_task_runner.py:52} INFO - Started process 874027 to run task
[2021-07-20 19:15:26,435] {standard_task_runner.py:76} INFO - Running: ['airflow', 'tasks', 'run', 'Fuse', 'fuse1', '2021-07-19T00:08:00+00:00', '--job-id', '312', '--pool', 'default_pool', '--raw', '--subdir', 'DAGS_FOLDER/dag.py', '--cfg-path', '/tmp/tmpr_2mltqs', '--error-file', '/tmp/tmpu3urpov3']
[2021-07-20 19:15:26,437] {standard_task_runner.py:77} INFO - Job 312: Subtask fuse1
[2021-07-20 19:15:26,593] {logging_mixin.py:104} INFO - Running <TaskInstance: Fuse.fuse1 2021-07-19T00:08:00+00:00 [running]> on host deepika-Inspiron-5570
[2021-07-20 19:15:26,960] {taskinstance.py:1280} INFO - Exporting the following env vars:
AIRFLOW_CTX_DAG_EMAIL=sthadpka93@gmail.com
AIRFLOW_CTX_DAG_OWNER=postgres
AIRFLOW_CTX_DAG_ID=Fuse
AIRFLOW_CTX_TASK_ID=fuse1
AIRFLOW_CTX_EXECUTION_DATE=2021-07-19T00:08:00+00:00
AIRFLOW_CTX_DAG_RUN_ID=scheduled__2021-07-19T00:08:00+00:00
[2021-07-20 19:15:33,391] {python.py:151} INFO - Done. Returned value was: None
[2021-07-20 19:15:33,394] {taskinstance.py:1184} INFO - Marking task as SUCCESS. dag_id=Fuse, task_id=fuse1, execution_date=20210719T000800, start_date=20210720T133026, end_date=20210720T133033
[2021-07-20 19:15:33,553] {taskinstance.py:1245} INFO - 0 downstream tasks scheduled from follow-on schedule check
[2021-07-20 19:15:33,590] {local_task_job.py:151} INFO - Task exited with return code 0
