[2021-07-20 17:10:19,666] {taskinstance.py:876} INFO - Dependencies all met for <TaskInstance: Fuse.fuse5 2021-07-19T00:02:00+00:00 [queued]>
[2021-07-20 17:10:19,686] {taskinstance.py:876} INFO - Dependencies all met for <TaskInstance: Fuse.fuse5 2021-07-19T00:02:00+00:00 [queued]>
[2021-07-20 17:10:19,686] {taskinstance.py:1067} INFO - 
--------------------------------------------------------------------------------
[2021-07-20 17:10:19,686] {taskinstance.py:1068} INFO - Starting attempt 1 of 8
[2021-07-20 17:10:19,686] {taskinstance.py:1069} INFO - 
--------------------------------------------------------------------------------
[2021-07-20 17:10:19,770] {taskinstance.py:1087} INFO - Executing <Task(PythonOperator): fuse5> on 2021-07-19T00:02:00+00:00
[2021-07-20 17:10:19,777] {standard_task_runner.py:52} INFO - Started process 420445 to run task
[2021-07-20 17:10:19,793] {standard_task_runner.py:76} INFO - Running: ['airflow', 'tasks', 'run', 'Fuse', 'fuse5', '2021-07-19T00:02:00+00:00', '--job-id', '301', '--pool', 'default_pool', '--raw', '--subdir', 'DAGS_FOLDER/dag.py', '--cfg-path', '/tmp/tmppedwceka', '--error-file', '/tmp/tmplarp2qco']
[2021-07-20 17:10:19,796] {standard_task_runner.py:77} INFO - Job 301: Subtask fuse5
[2021-07-20 17:10:19,949] {logging_mixin.py:104} INFO - Running <TaskInstance: Fuse.fuse5 2021-07-19T00:02:00+00:00 [running]> on host deepika-Inspiron-5570
[2021-07-20 17:10:20,185] {taskinstance.py:1280} INFO - Exporting the following env vars:
AIRFLOW_CTX_DAG_EMAIL=sthadpka93@gmail.com
AIRFLOW_CTX_DAG_OWNER=postgres
AIRFLOW_CTX_DAG_ID=Fuse
AIRFLOW_CTX_TASK_ID=fuse5
AIRFLOW_CTX_EXECUTION_DATE=2021-07-19T00:02:00+00:00
AIRFLOW_CTX_DAG_RUN_ID=scheduled__2021-07-19T00:02:00+00:00
[2021-07-20 17:10:23,861] {python.py:151} INFO - Done. Returned value was: None
[2021-07-20 17:10:23,866] {taskinstance.py:1184} INFO - Marking task as SUCCESS. dag_id=Fuse, task_id=fuse5, execution_date=20210719T000200, start_date=20210720T112519, end_date=20210720T112523
[2021-07-20 17:10:24,070] {taskinstance.py:1245} INFO - 0 downstream tasks scheduled from follow-on schedule check
[2021-07-20 17:10:24,092] {local_task_job.py:151} INFO - Task exited with return code 0
[2021-07-20 18:06:52,537] {taskinstance.py:876} INFO - Dependencies all met for <TaskInstance: Fuse.fuse5 2021-07-19T00:02:00+00:00 [queued]>
[2021-07-20 18:06:52,549] {taskinstance.py:876} INFO - Dependencies all met for <TaskInstance: Fuse.fuse5 2021-07-19T00:02:00+00:00 [queued]>
[2021-07-20 18:06:52,549] {taskinstance.py:1067} INFO - 
--------------------------------------------------------------------------------
[2021-07-20 18:06:52,549] {taskinstance.py:1068} INFO - Starting attempt 1 of 8
[2021-07-20 18:06:52,549] {taskinstance.py:1069} INFO - 
--------------------------------------------------------------------------------
[2021-07-20 18:06:52,624] {taskinstance.py:1087} INFO - Executing <Task(PythonOperator): fuse5> on 2021-07-19T00:02:00+00:00
[2021-07-20 18:06:52,628] {standard_task_runner.py:52} INFO - Started process 548015 to run task
[2021-07-20 18:06:52,639] {standard_task_runner.py:76} INFO - Running: ['airflow', 'tasks', 'run', 'Fuse', 'fuse5', '2021-07-19T00:02:00+00:00', '--job-id', '301', '--pool', 'default_pool', '--raw', '--subdir', 'DAGS_FOLDER/dag.py', '--cfg-path', '/tmp/tmpduxig2bk', '--error-file', '/tmp/tmpix2ox_pv']
[2021-07-20 18:06:52,640] {standard_task_runner.py:77} INFO - Job 301: Subtask fuse5
[2021-07-20 18:06:52,796] {logging_mixin.py:104} INFO - Running <TaskInstance: Fuse.fuse5 2021-07-19T00:02:00+00:00 [running]> on host deepika-Inspiron-5570
[2021-07-20 18:06:53,048] {taskinstance.py:1280} INFO - Exporting the following env vars:
AIRFLOW_CTX_DAG_EMAIL=sthadpka93@gmail.com
AIRFLOW_CTX_DAG_OWNER=postgres
AIRFLOW_CTX_DAG_ID=Fuse
AIRFLOW_CTX_TASK_ID=fuse5
AIRFLOW_CTX_EXECUTION_DATE=2021-07-19T00:02:00+00:00
AIRFLOW_CTX_DAG_RUN_ID=scheduled__2021-07-19T00:02:00+00:00
[2021-07-20 18:06:55,861] {python.py:151} INFO - Done. Returned value was: None
[2021-07-20 18:06:55,865] {taskinstance.py:1184} INFO - Marking task as SUCCESS. dag_id=Fuse, task_id=fuse5, execution_date=20210719T000200, start_date=20210720T122152, end_date=20210720T122155
[2021-07-20 18:06:56,355] {taskinstance.py:1245} INFO - 0 downstream tasks scheduled from follow-on schedule check
[2021-07-20 18:06:56,380] {local_task_job.py:151} INFO - Task exited with return code 0
