[2021-07-20 16:49:26,355] {taskinstance.py:876} INFO - Dependencies all met for <TaskInstance: Fuse.fuse1 2021-07-19T00:09:00+00:00 [queued]>
[2021-07-20 16:49:26,388] {taskinstance.py:876} INFO - Dependencies all met for <TaskInstance: Fuse.fuse1 2021-07-19T00:09:00+00:00 [queued]>
[2021-07-20 16:49:26,388] {taskinstance.py:1067} INFO - 
--------------------------------------------------------------------------------
[2021-07-20 16:49:26,389] {taskinstance.py:1068} INFO - Starting attempt 1 of 8
[2021-07-20 16:49:26,389] {taskinstance.py:1069} INFO - 
--------------------------------------------------------------------------------
[2021-07-20 16:49:26,499] {taskinstance.py:1087} INFO - Executing <Task(PythonOperator): fuse1> on 2021-07-19T00:09:00+00:00
[2021-07-20 16:49:26,503] {standard_task_runner.py:52} INFO - Started process 408878 to run task
[2021-07-20 16:49:26,510] {standard_task_runner.py:76} INFO - Running: ['airflow', 'tasks', 'run', 'Fuse', 'fuse1', '2021-07-19T00:09:00+00:00', '--job-id', '328', '--pool', 'default_pool', '--raw', '--subdir', 'DAGS_FOLDER/dag.py', '--cfg-path', '/tmp/tmpmyzccfky', '--error-file', '/tmp/tmp0lkvu7fd']
[2021-07-20 16:49:26,511] {standard_task_runner.py:77} INFO - Job 328: Subtask fuse1
[2021-07-20 16:49:26,660] {logging_mixin.py:104} INFO - Running <TaskInstance: Fuse.fuse1 2021-07-19T00:09:00+00:00 [running]> on host deepika-Inspiron-5570
[2021-07-20 16:49:26,964] {taskinstance.py:1280} INFO - Exporting the following env vars:
AIRFLOW_CTX_DAG_EMAIL=sthadpka93@gmail.com
AIRFLOW_CTX_DAG_OWNER=postgres
AIRFLOW_CTX_DAG_ID=Fuse
AIRFLOW_CTX_TASK_ID=fuse1
AIRFLOW_CTX_EXECUTION_DATE=2021-07-19T00:09:00+00:00
AIRFLOW_CTX_DAG_RUN_ID=scheduled__2021-07-19T00:09:00+00:00
[2021-07-20 16:49:33,115] {python.py:151} INFO - Done. Returned value was: None
[2021-07-20 16:49:33,118] {taskinstance.py:1184} INFO - Marking task as SUCCESS. dag_id=Fuse, task_id=fuse1, execution_date=20210719T000900, start_date=20210720T110426, end_date=20210720T110433
[2021-07-20 16:49:33,202] {taskinstance.py:1245} INFO - 0 downstream tasks scheduled from follow-on schedule check
[2021-07-20 16:49:33,221] {local_task_job.py:151} INFO - Task exited with return code 0
[2021-07-20 19:47:51,323] {taskinstance.py:876} INFO - Dependencies all met for <TaskInstance: Fuse.fuse1 2021-07-19T00:09:00+00:00 [queued]>
[2021-07-20 19:47:51,346] {taskinstance.py:876} INFO - Dependencies all met for <TaskInstance: Fuse.fuse1 2021-07-19T00:09:00+00:00 [queued]>
[2021-07-20 19:47:51,346] {taskinstance.py:1067} INFO - 
--------------------------------------------------------------------------------
[2021-07-20 19:47:51,346] {taskinstance.py:1068} INFO - Starting attempt 1 of 8
[2021-07-20 19:47:51,346] {taskinstance.py:1069} INFO - 
--------------------------------------------------------------------------------
[2021-07-20 19:47:51,436] {taskinstance.py:1087} INFO - Executing <Task(PythonOperator): fuse1> on 2021-07-19T00:09:00+00:00
[2021-07-20 19:47:51,440] {standard_task_runner.py:52} INFO - Started process 1037555 to run task
[2021-07-20 19:47:51,450] {standard_task_runner.py:76} INFO - Running: ['airflow', 'tasks', 'run', 'Fuse', 'fuse1', '2021-07-19T00:09:00+00:00', '--job-id', '321', '--pool', 'default_pool', '--raw', '--subdir', 'DAGS_FOLDER/dag.py', '--cfg-path', '/tmp/tmpe3xva6ux', '--error-file', '/tmp/tmpkzyusnhy']
[2021-07-20 19:47:51,452] {standard_task_runner.py:77} INFO - Job 321: Subtask fuse1
[2021-07-20 19:47:51,609] {logging_mixin.py:104} INFO - Running <TaskInstance: Fuse.fuse1 2021-07-19T00:09:00+00:00 [running]> on host deepika-Inspiron-5570
[2021-07-20 19:47:51,876] {taskinstance.py:1280} INFO - Exporting the following env vars:
AIRFLOW_CTX_DAG_EMAIL=sthadpka93@gmail.com
AIRFLOW_CTX_DAG_OWNER=postgres
AIRFLOW_CTX_DAG_ID=Fuse
AIRFLOW_CTX_TASK_ID=fuse1
AIRFLOW_CTX_EXECUTION_DATE=2021-07-19T00:09:00+00:00
AIRFLOW_CTX_DAG_RUN_ID=scheduled__2021-07-19T00:09:00+00:00
[2021-07-20 19:47:57,505] {python.py:151} INFO - Done. Returned value was: None
[2021-07-20 19:47:57,509] {taskinstance.py:1184} INFO - Marking task as SUCCESS. dag_id=Fuse, task_id=fuse1, execution_date=20210719T000900, start_date=20210720T140251, end_date=20210720T140257
[2021-07-20 19:47:57,655] {taskinstance.py:1245} INFO - 0 downstream tasks scheduled from follow-on schedule check
[2021-07-20 19:47:57,695] {local_task_job.py:151} INFO - Task exited with return code 0
