[2021-07-20 17:09:57,158] {taskinstance.py:876} INFO - Dependencies all met for <TaskInstance: Fuse.fuse4 2021-07-19T00:03:00+00:00 [queued]>
[2021-07-20 17:09:57,172] {taskinstance.py:876} INFO - Dependencies all met for <TaskInstance: Fuse.fuse4 2021-07-19T00:03:00+00:00 [queued]>
[2021-07-20 17:09:57,172] {taskinstance.py:1067} INFO - 
--------------------------------------------------------------------------------
[2021-07-20 17:09:57,172] {taskinstance.py:1068} INFO - Starting attempt 1 of 8
[2021-07-20 17:09:57,172] {taskinstance.py:1069} INFO - 
--------------------------------------------------------------------------------
[2021-07-20 17:09:57,245] {taskinstance.py:1087} INFO - Executing <Task(PythonOperator): fuse4> on 2021-07-19T00:03:00+00:00
[2021-07-20 17:09:57,250] {standard_task_runner.py:52} INFO - Started process 420032 to run task
[2021-07-20 17:09:57,258] {standard_task_runner.py:76} INFO - Running: ['airflow', 'tasks', 'run', 'Fuse', 'fuse4', '2021-07-19T00:03:00+00:00', '--job-id', '300', '--pool', 'default_pool', '--raw', '--subdir', 'DAGS_FOLDER/dag.py', '--cfg-path', '/tmp/tmp0merib6w', '--error-file', '/tmp/tmpw6rudxzk']
[2021-07-20 17:09:57,259] {standard_task_runner.py:77} INFO - Job 300: Subtask fuse4
[2021-07-20 17:09:57,371] {logging_mixin.py:104} INFO - Running <TaskInstance: Fuse.fuse4 2021-07-19T00:03:00+00:00 [running]> on host deepika-Inspiron-5570
[2021-07-20 17:09:57,559] {taskinstance.py:1280} INFO - Exporting the following env vars:
AIRFLOW_CTX_DAG_EMAIL=sthadpka93@gmail.com
AIRFLOW_CTX_DAG_OWNER=postgres
AIRFLOW_CTX_DAG_ID=Fuse
AIRFLOW_CTX_TASK_ID=fuse4
AIRFLOW_CTX_EXECUTION_DATE=2021-07-19T00:03:00+00:00
AIRFLOW_CTX_DAG_RUN_ID=scheduled__2021-07-19T00:03:00+00:00
[2021-07-20 17:10:10,223] {python.py:151} INFO - Done. Returned value was: None
[2021-07-20 17:10:10,226] {taskinstance.py:1184} INFO - Marking task as SUCCESS. dag_id=Fuse, task_id=fuse4, execution_date=20210719T000300, start_date=20210720T112457, end_date=20210720T112510
[2021-07-20 17:10:10,903] {taskinstance.py:1245} INFO - 0 downstream tasks scheduled from follow-on schedule check
[2021-07-20 17:10:10,929] {local_task_job.py:151} INFO - Task exited with return code 0
[2021-07-20 18:06:35,094] {taskinstance.py:876} INFO - Dependencies all met for <TaskInstance: Fuse.fuse4 2021-07-19T00:03:00+00:00 [queued]>
[2021-07-20 18:06:35,106] {taskinstance.py:876} INFO - Dependencies all met for <TaskInstance: Fuse.fuse4 2021-07-19T00:03:00+00:00 [queued]>
[2021-07-20 18:06:35,106] {taskinstance.py:1067} INFO - 
--------------------------------------------------------------------------------
[2021-07-20 18:06:35,107] {taskinstance.py:1068} INFO - Starting attempt 1 of 8
[2021-07-20 18:06:35,107] {taskinstance.py:1069} INFO - 
--------------------------------------------------------------------------------
[2021-07-20 18:06:35,324] {taskinstance.py:1087} INFO - Executing <Task(PythonOperator): fuse4> on 2021-07-19T00:03:00+00:00
[2021-07-20 18:06:35,329] {standard_task_runner.py:52} INFO - Started process 547628 to run task
[2021-07-20 18:06:35,336] {standard_task_runner.py:76} INFO - Running: ['airflow', 'tasks', 'run', 'Fuse', 'fuse4', '2021-07-19T00:03:00+00:00', '--job-id', '300', '--pool', 'default_pool', '--raw', '--subdir', 'DAGS_FOLDER/dag.py', '--cfg-path', '/tmp/tmpn8jgncze', '--error-file', '/tmp/tmp8jcn9soj']
[2021-07-20 18:06:35,337] {standard_task_runner.py:77} INFO - Job 300: Subtask fuse4
[2021-07-20 18:06:35,432] {logging_mixin.py:104} INFO - Running <TaskInstance: Fuse.fuse4 2021-07-19T00:03:00+00:00 [running]> on host deepika-Inspiron-5570
[2021-07-20 18:06:37,521] {taskinstance.py:1280} INFO - Exporting the following env vars:
AIRFLOW_CTX_DAG_EMAIL=sthadpka93@gmail.com
AIRFLOW_CTX_DAG_OWNER=postgres
AIRFLOW_CTX_DAG_ID=Fuse
AIRFLOW_CTX_TASK_ID=fuse4
AIRFLOW_CTX_EXECUTION_DATE=2021-07-19T00:03:00+00:00
AIRFLOW_CTX_DAG_RUN_ID=scheduled__2021-07-19T00:03:00+00:00
[2021-07-20 18:06:45,934] {python.py:151} INFO - Done. Returned value was: None
[2021-07-20 18:06:45,936] {taskinstance.py:1184} INFO - Marking task as SUCCESS. dag_id=Fuse, task_id=fuse4, execution_date=20210719T000300, start_date=20210720T122135, end_date=20210720T122145
[2021-07-20 18:06:46,022] {taskinstance.py:1245} INFO - 0 downstream tasks scheduled from follow-on schedule check
[2021-07-20 18:06:46,030] {local_task_job.py:151} INFO - Task exited with return code 0
