[2021-07-20 17:07:43,257] {taskinstance.py:876} INFO - Dependencies all met for <TaskInstance: Fuse.fuse3 2021-07-19T00:03:00+00:00 [queued]>
[2021-07-20 17:07:43,268] {taskinstance.py:876} INFO - Dependencies all met for <TaskInstance: Fuse.fuse3 2021-07-19T00:03:00+00:00 [queued]>
[2021-07-20 17:07:43,268] {taskinstance.py:1067} INFO - 
--------------------------------------------------------------------------------
[2021-07-20 17:07:43,268] {taskinstance.py:1068} INFO - Starting attempt 1 of 8
[2021-07-20 17:07:43,268] {taskinstance.py:1069} INFO - 
--------------------------------------------------------------------------------
[2021-07-20 17:07:43,339] {taskinstance.py:1087} INFO - Executing <Task(PythonOperator): fuse3> on 2021-07-19T00:03:00+00:00
[2021-07-20 17:07:43,343] {standard_task_runner.py:52} INFO - Started process 418181 to run task
[2021-07-20 17:07:43,347] {standard_task_runner.py:76} INFO - Running: ['airflow', 'tasks', 'run', 'Fuse', 'fuse3', '2021-07-19T00:03:00+00:00', '--job-id', '293', '--pool', 'default_pool', '--raw', '--subdir', 'DAGS_FOLDER/dag.py', '--cfg-path', '/tmp/tmpkkyntv5t', '--error-file', '/tmp/tmp4lb_asg_']
[2021-07-20 17:07:43,348] {standard_task_runner.py:77} INFO - Job 293: Subtask fuse3
[2021-07-20 17:07:43,438] {logging_mixin.py:104} INFO - Running <TaskInstance: Fuse.fuse3 2021-07-19T00:03:00+00:00 [running]> on host deepika-Inspiron-5570
[2021-07-20 17:07:45,090] {taskinstance.py:1280} INFO - Exporting the following env vars:
AIRFLOW_CTX_DAG_EMAIL=sthadpka93@gmail.com
AIRFLOW_CTX_DAG_OWNER=postgres
AIRFLOW_CTX_DAG_ID=Fuse
AIRFLOW_CTX_TASK_ID=fuse3
AIRFLOW_CTX_EXECUTION_DATE=2021-07-19T00:03:00+00:00
AIRFLOW_CTX_DAG_RUN_ID=scheduled__2021-07-19T00:03:00+00:00
[2021-07-20 17:07:49,052] {python.py:151} INFO - Done. Returned value was: None
[2021-07-20 17:07:49,056] {taskinstance.py:1184} INFO - Marking task as SUCCESS. dag_id=Fuse, task_id=fuse3, execution_date=20210719T000300, start_date=20210720T112243, end_date=20210720T112249
[2021-07-20 17:07:49,298] {taskinstance.py:1245} INFO - 0 downstream tasks scheduled from follow-on schedule check
[2021-07-20 17:07:49,319] {local_task_job.py:151} INFO - Task exited with return code 0
[2021-07-20 18:04:37,613] {taskinstance.py:876} INFO - Dependencies all met for <TaskInstance: Fuse.fuse3 2021-07-19T00:03:00+00:00 [queued]>
[2021-07-20 18:04:37,627] {taskinstance.py:876} INFO - Dependencies all met for <TaskInstance: Fuse.fuse3 2021-07-19T00:03:00+00:00 [queued]>
[2021-07-20 18:04:37,627] {taskinstance.py:1067} INFO - 
--------------------------------------------------------------------------------
[2021-07-20 18:04:37,628] {taskinstance.py:1068} INFO - Starting attempt 1 of 8
[2021-07-20 18:04:37,628] {taskinstance.py:1069} INFO - 
--------------------------------------------------------------------------------
[2021-07-20 18:04:37,810] {taskinstance.py:1087} INFO - Executing <Task(PythonOperator): fuse3> on 2021-07-19T00:03:00+00:00
[2021-07-20 18:04:37,817] {standard_task_runner.py:52} INFO - Started process 545813 to run task
[2021-07-20 18:04:37,830] {standard_task_runner.py:76} INFO - Running: ['airflow', 'tasks', 'run', 'Fuse', 'fuse3', '2021-07-19T00:03:00+00:00', '--job-id', '293', '--pool', 'default_pool', '--raw', '--subdir', 'DAGS_FOLDER/dag.py', '--cfg-path', '/tmp/tmpid_j7gd3', '--error-file', '/tmp/tmpdmb0fb4m']
[2021-07-20 18:04:37,832] {standard_task_runner.py:77} INFO - Job 293: Subtask fuse3
[2021-07-20 18:04:38,182] {logging_mixin.py:104} INFO - Running <TaskInstance: Fuse.fuse3 2021-07-19T00:03:00+00:00 [running]> on host deepika-Inspiron-5570
[2021-07-20 18:04:38,812] {taskinstance.py:1280} INFO - Exporting the following env vars:
AIRFLOW_CTX_DAG_EMAIL=sthadpka93@gmail.com
AIRFLOW_CTX_DAG_OWNER=postgres
AIRFLOW_CTX_DAG_ID=Fuse
AIRFLOW_CTX_TASK_ID=fuse3
AIRFLOW_CTX_EXECUTION_DATE=2021-07-19T00:03:00+00:00
AIRFLOW_CTX_DAG_RUN_ID=scheduled__2021-07-19T00:03:00+00:00
[2021-07-20 18:04:43,311] {python.py:151} INFO - Done. Returned value was: None
[2021-07-20 18:04:43,314] {taskinstance.py:1184} INFO - Marking task as SUCCESS. dag_id=Fuse, task_id=fuse3, execution_date=20210719T000300, start_date=20210720T121937, end_date=20210720T121943
[2021-07-20 18:04:43,400] {taskinstance.py:1245} INFO - 0 downstream tasks scheduled from follow-on schedule check
[2021-07-20 18:04:43,442] {local_task_job.py:151} INFO - Task exited with return code 0
