[2021-07-20 17:08:34,544] {taskinstance.py:876} INFO - Dependencies all met for <TaskInstance: Fuse.fuse6 2021-07-19T00:00:00+00:00 [queued]>
[2021-07-20 17:08:34,551] {taskinstance.py:876} INFO - Dependencies all met for <TaskInstance: Fuse.fuse6 2021-07-19T00:00:00+00:00 [queued]>
[2021-07-20 17:08:34,551] {taskinstance.py:1067} INFO - 
--------------------------------------------------------------------------------
[2021-07-20 17:08:34,551] {taskinstance.py:1068} INFO - Starting attempt 1 of 8
[2021-07-20 17:08:34,551] {taskinstance.py:1069} INFO - 
--------------------------------------------------------------------------------
[2021-07-20 17:08:34,629] {taskinstance.py:1087} INFO - Executing <Task(PythonOperator): fuse6> on 2021-07-19T00:00:00+00:00
[2021-07-20 17:08:34,634] {standard_task_runner.py:52} INFO - Started process 418959 to run task
[2021-07-20 17:08:34,645] {standard_task_runner.py:76} INFO - Running: ['airflow', 'tasks', 'run', 'Fuse', 'fuse6', '2021-07-19T00:00:00+00:00', '--job-id', '296', '--pool', 'default_pool', '--raw', '--subdir', 'DAGS_FOLDER/dag.py', '--cfg-path', '/tmp/tmp1m3phgnf', '--error-file', '/tmp/tmpssv59i5s']
[2021-07-20 17:08:34,647] {standard_task_runner.py:77} INFO - Job 296: Subtask fuse6
[2021-07-20 17:08:34,882] {logging_mixin.py:104} INFO - Running <TaskInstance: Fuse.fuse6 2021-07-19T00:00:00+00:00 [running]> on host deepika-Inspiron-5570
[2021-07-20 17:08:36,049] {taskinstance.py:1280} INFO - Exporting the following env vars:
AIRFLOW_CTX_DAG_EMAIL=sthadpka93@gmail.com
AIRFLOW_CTX_DAG_OWNER=postgres
AIRFLOW_CTX_DAG_ID=Fuse
AIRFLOW_CTX_TASK_ID=fuse6
AIRFLOW_CTX_EXECUTION_DATE=2021-07-19T00:00:00+00:00
AIRFLOW_CTX_DAG_RUN_ID=scheduled__2021-07-19T00:00:00+00:00
[2021-07-20 17:08:43,159] {python.py:151} INFO - Done. Returned value was: None
[2021-07-20 17:08:43,163] {taskinstance.py:1184} INFO - Marking task as SUCCESS. dag_id=Fuse, task_id=fuse6, execution_date=20210719T000000, start_date=20210720T112334, end_date=20210720T112343
[2021-07-20 17:08:44,084] {taskinstance.py:1245} INFO - 1 downstream tasks scheduled from follow-on schedule check
[2021-07-20 17:08:44,111] {local_task_job.py:151} INFO - Task exited with return code 0
[2021-07-20 18:05:28,428] {taskinstance.py:876} INFO - Dependencies all met for <TaskInstance: Fuse.fuse6 2021-07-19T00:00:00+00:00 [queued]>
[2021-07-20 18:05:28,438] {taskinstance.py:876} INFO - Dependencies all met for <TaskInstance: Fuse.fuse6 2021-07-19T00:00:00+00:00 [queued]>
[2021-07-20 18:05:28,438] {taskinstance.py:1067} INFO - 
--------------------------------------------------------------------------------
[2021-07-20 18:05:28,438] {taskinstance.py:1068} INFO - Starting attempt 1 of 8
[2021-07-20 18:05:28,438] {taskinstance.py:1069} INFO - 
--------------------------------------------------------------------------------
[2021-07-20 18:05:29,934] {taskinstance.py:1087} INFO - Executing <Task(PythonOperator): fuse6> on 2021-07-19T00:00:00+00:00
[2021-07-20 18:05:29,938] {standard_task_runner.py:52} INFO - Started process 546573 to run task
[2021-07-20 18:05:29,942] {standard_task_runner.py:76} INFO - Running: ['airflow', 'tasks', 'run', 'Fuse', 'fuse6', '2021-07-19T00:00:00+00:00', '--job-id', '296', '--pool', 'default_pool', '--raw', '--subdir', 'DAGS_FOLDER/dag.py', '--cfg-path', '/tmp/tmp2_rlt7xe', '--error-file', '/tmp/tmpb6dar5fr']
[2021-07-20 18:05:29,943] {standard_task_runner.py:77} INFO - Job 296: Subtask fuse6
[2021-07-20 18:05:30,112] {logging_mixin.py:104} INFO - Running <TaskInstance: Fuse.fuse6 2021-07-19T00:00:00+00:00 [running]> on host deepika-Inspiron-5570
[2021-07-20 18:05:30,319] {taskinstance.py:1280} INFO - Exporting the following env vars:
AIRFLOW_CTX_DAG_EMAIL=sthadpka93@gmail.com
AIRFLOW_CTX_DAG_OWNER=postgres
AIRFLOW_CTX_DAG_ID=Fuse
AIRFLOW_CTX_TASK_ID=fuse6
AIRFLOW_CTX_EXECUTION_DATE=2021-07-19T00:00:00+00:00
AIRFLOW_CTX_DAG_RUN_ID=scheduled__2021-07-19T00:00:00+00:00
[2021-07-20 18:05:38,334] {python.py:151} INFO - Done. Returned value was: None
[2021-07-20 18:05:38,357] {taskinstance.py:1184} INFO - Marking task as SUCCESS. dag_id=Fuse, task_id=fuse6, execution_date=20210719T000000, start_date=20210720T122028, end_date=20210720T122038
[2021-07-20 18:05:38,809] {taskinstance.py:1245} INFO - 1 downstream tasks scheduled from follow-on schedule check
[2021-07-20 18:05:38,832] {local_task_job.py:151} INFO - Task exited with return code 0
