[2021-07-20 17:10:35,716] {taskinstance.py:876} INFO - Dependencies all met for <TaskInstance: Fuse.fuse6 2021-07-19T00:01:00+00:00 [queued]>
[2021-07-20 17:10:35,725] {taskinstance.py:876} INFO - Dependencies all met for <TaskInstance: Fuse.fuse6 2021-07-19T00:01:00+00:00 [queued]>
[2021-07-20 17:10:35,726] {taskinstance.py:1067} INFO - 
--------------------------------------------------------------------------------
[2021-07-20 17:10:35,726] {taskinstance.py:1068} INFO - Starting attempt 1 of 8
[2021-07-20 17:10:35,726] {taskinstance.py:1069} INFO - 
--------------------------------------------------------------------------------
[2021-07-20 17:10:36,288] {taskinstance.py:1087} INFO - Executing <Task(PythonOperator): fuse6> on 2021-07-19T00:01:00+00:00
[2021-07-20 17:10:36,293] {standard_task_runner.py:52} INFO - Started process 420629 to run task
[2021-07-20 17:10:36,306] {standard_task_runner.py:76} INFO - Running: ['airflow', 'tasks', 'run', 'Fuse', 'fuse6', '2021-07-19T00:01:00+00:00', '--job-id', '302', '--pool', 'default_pool', '--raw', '--subdir', 'DAGS_FOLDER/dag.py', '--cfg-path', '/tmp/tmpeast3gp9', '--error-file', '/tmp/tmpw6qac25z']
[2021-07-20 17:10:36,308] {standard_task_runner.py:77} INFO - Job 302: Subtask fuse6
[2021-07-20 17:10:37,008] {logging_mixin.py:104} INFO - Running <TaskInstance: Fuse.fuse6 2021-07-19T00:01:00+00:00 [running]> on host deepika-Inspiron-5570
[2021-07-20 17:10:38,742] {taskinstance.py:1280} INFO - Exporting the following env vars:
AIRFLOW_CTX_DAG_EMAIL=sthadpka93@gmail.com
AIRFLOW_CTX_DAG_OWNER=postgres
AIRFLOW_CTX_DAG_ID=Fuse
AIRFLOW_CTX_TASK_ID=fuse6
AIRFLOW_CTX_EXECUTION_DATE=2021-07-19T00:01:00+00:00
AIRFLOW_CTX_DAG_RUN_ID=scheduled__2021-07-19T00:01:00+00:00
[2021-07-20 17:10:44,656] {python.py:151} INFO - Done. Returned value was: None
[2021-07-20 17:10:44,659] {taskinstance.py:1184} INFO - Marking task as SUCCESS. dag_id=Fuse, task_id=fuse6, execution_date=20210719T000100, start_date=20210720T112535, end_date=20210720T112544
[2021-07-20 17:10:44,749] {taskinstance.py:1245} INFO - 0 downstream tasks scheduled from follow-on schedule check
[2021-07-20 17:10:44,772] {local_task_job.py:151} INFO - Task exited with return code 0
[2021-07-20 18:07:03,506] {taskinstance.py:876} INFO - Dependencies all met for <TaskInstance: Fuse.fuse6 2021-07-19T00:01:00+00:00 [queued]>
[2021-07-20 18:07:03,602] {taskinstance.py:876} INFO - Dependencies all met for <TaskInstance: Fuse.fuse6 2021-07-19T00:01:00+00:00 [queued]>
[2021-07-20 18:07:03,602] {taskinstance.py:1067} INFO - 
--------------------------------------------------------------------------------
[2021-07-20 18:07:03,603] {taskinstance.py:1068} INFO - Starting attempt 1 of 8
[2021-07-20 18:07:03,603] {taskinstance.py:1069} INFO - 
--------------------------------------------------------------------------------
[2021-07-20 18:07:03,717] {taskinstance.py:1087} INFO - Executing <Task(PythonOperator): fuse6> on 2021-07-19T00:01:00+00:00
[2021-07-20 18:07:03,722] {standard_task_runner.py:52} INFO - Started process 548193 to run task
[2021-07-20 18:07:03,732] {standard_task_runner.py:76} INFO - Running: ['airflow', 'tasks', 'run', 'Fuse', 'fuse6', '2021-07-19T00:01:00+00:00', '--job-id', '302', '--pool', 'default_pool', '--raw', '--subdir', 'DAGS_FOLDER/dag.py', '--cfg-path', '/tmp/tmpinlj985q', '--error-file', '/tmp/tmpuxsvj3hz']
[2021-07-20 18:07:03,733] {standard_task_runner.py:77} INFO - Job 302: Subtask fuse6
[2021-07-20 18:07:03,855] {logging_mixin.py:104} INFO - Running <TaskInstance: Fuse.fuse6 2021-07-19T00:01:00+00:00 [running]> on host deepika-Inspiron-5570
[2021-07-20 18:07:04,568] {taskinstance.py:1280} INFO - Exporting the following env vars:
AIRFLOW_CTX_DAG_EMAIL=sthadpka93@gmail.com
AIRFLOW_CTX_DAG_OWNER=postgres
AIRFLOW_CTX_DAG_ID=Fuse
AIRFLOW_CTX_TASK_ID=fuse6
AIRFLOW_CTX_EXECUTION_DATE=2021-07-19T00:01:00+00:00
AIRFLOW_CTX_DAG_RUN_ID=scheduled__2021-07-19T00:01:00+00:00
[2021-07-20 18:07:11,192] {python.py:151} INFO - Done. Returned value was: None
[2021-07-20 18:07:11,195] {taskinstance.py:1184} INFO - Marking task as SUCCESS. dag_id=Fuse, task_id=fuse6, execution_date=20210719T000100, start_date=20210720T122203, end_date=20210720T122211
[2021-07-20 18:07:11,275] {taskinstance.py:1245} INFO - 0 downstream tasks scheduled from follow-on schedule check
[2021-07-20 18:07:11,290] {local_task_job.py:151} INFO - Task exited with return code 0
