[2021-07-20 20:18:55,361] {taskinstance.py:876} INFO - Dependencies all met for <TaskInstance: Fuse.fuse1 2021-07-19T01:00:00+00:00 [queued]>
[2021-07-20 20:18:55,376] {taskinstance.py:876} INFO - Dependencies all met for <TaskInstance: Fuse.fuse1 2021-07-19T01:00:00+00:00 [queued]>
[2021-07-20 20:18:55,377] {taskinstance.py:1067} INFO - 
--------------------------------------------------------------------------------
[2021-07-20 20:18:55,377] {taskinstance.py:1068} INFO - Starting attempt 1 of 8
[2021-07-20 20:18:55,377] {taskinstance.py:1069} INFO - 
--------------------------------------------------------------------------------
[2021-07-20 20:18:55,456] {taskinstance.py:1087} INFO - Executing <Task(PythonOperator): fuse1> on 2021-07-19T01:00:00+00:00
[2021-07-20 20:18:55,463] {standard_task_runner.py:52} INFO - Started process 1201181 to run task
[2021-07-20 20:18:55,475] {standard_task_runner.py:76} INFO - Running: ['airflow', 'tasks', 'run', 'Fuse', 'fuse1', '2021-07-19T01:00:00+00:00', '--job-id', '331', '--pool', 'default_pool', '--raw', '--subdir', 'DAGS_FOLDER/dag.py', '--cfg-path', '/tmp/tmp0yo6k5fl', '--error-file', '/tmp/tmpif48965a']
[2021-07-20 20:18:55,477] {standard_task_runner.py:77} INFO - Job 331: Subtask fuse1
[2021-07-20 20:18:55,594] {logging_mixin.py:104} INFO - Running <TaskInstance: Fuse.fuse1 2021-07-19T01:00:00+00:00 [running]> on host deepika-Inspiron-5570
[2021-07-20 20:18:55,849] {taskinstance.py:1280} INFO - Exporting the following env vars:
AIRFLOW_CTX_DAG_EMAIL=sthadpka93@gmail.com
AIRFLOW_CTX_DAG_OWNER=postgres
AIRFLOW_CTX_DAG_ID=Fuse
AIRFLOW_CTX_TASK_ID=fuse1
AIRFLOW_CTX_EXECUTION_DATE=2021-07-19T01:00:00+00:00
AIRFLOW_CTX_DAG_RUN_ID=scheduled__2021-07-19T01:00:00+00:00
[2021-07-20 20:19:02,217] {python.py:151} INFO - Done. Returned value was: None
[2021-07-20 20:19:02,222] {taskinstance.py:1184} INFO - Marking task as SUCCESS. dag_id=Fuse, task_id=fuse1, execution_date=20210719T010000, start_date=20210720T143355, end_date=20210720T143402
[2021-07-20 20:19:02,461] {taskinstance.py:1245} INFO - 1 downstream tasks scheduled from follow-on schedule check
[2021-07-20 20:19:02,501] {local_task_job.py:151} INFO - Task exited with return code 0
